<?xml version="1.0" encoding="UTF-8"?>
<robot generator="Robot 7.2.2 (Python 3.13.2 on darwin)" generated="2025-03-26T10:49:16.555962" rpa="false" schemaversion="5">
<suite id="s1" name="Test Swag Lab" source="/Users/huytran/Data/XAMK/Software testing and quality assurance/CI_CD/tests/test_swag_lab.robot">
<kw name="Open Browser" owner="SeleniumLibrary" type="SETUP">
<msg time="2025-03-26T10:49:16.644569" level="INFO">Opening browser 'firefox' to base url 'file:///Users/huytran/Data/XAMK/Software testing and quality assurance/CI_CD/tests/../swag_labs.html'.</msg>
<arg>file:///Users/huytran/Data/XAMK/Software testing and quality assurance/CI_CD/tests/../swag_labs.html</arg>
<arg>firefox</arg>
<doc>Opens a new browser instance to the optional ``url``.</doc>
<status status="PASS" start="2025-03-26T10:49:16.644423" elapsed="1.673760"/>
</kw>
<test id="s1-t1" name="Test Login" line="7">
<kw name="Input Text" owner="SeleniumLibrary">
<msg time="2025-03-26T10:49:18.319430" level="INFO">Typing text 'standard_user' into text field 'id=username'.</msg>
<arg>id=username</arg>
<arg>standard_user</arg>
<doc>Types the given ``text`` into the text field identified by ``locator``.</doc>
<status status="PASS" start="2025-03-26T10:49:18.319087" elapsed="0.044353"/>
</kw>
<kw name="Input Text" owner="SeleniumLibrary">
<msg time="2025-03-26T10:49:18.363791" level="INFO">Typing text 'secret_sauce' into text field 'id=password'.</msg>
<arg>id=password</arg>
<arg>secret_sauce</arg>
<doc>Types the given ``text`` into the text field identified by ``locator``.</doc>
<status status="PASS" start="2025-03-26T10:49:18.363657" elapsed="0.011107"/>
</kw>
<kw name="Click Button" owner="SeleniumLibrary">
<msg time="2025-03-26T10:49:18.375044" level="INFO">Clicking button 'id=login-button'.</msg>
<arg>id=login-button</arg>
<doc>Clicks the button identified by ``locator``.</doc>
<status status="PASS" start="2025-03-26T10:49:18.374923" elapsed="0.221078"/>
</kw>
<kw name="Page Should Contain Element" owner="SeleniumLibrary">
<msg time="2025-03-26T10:49:18.597887" level="INFO">Current page contains element 'id=product-page'.</msg>
<arg>id=product-page</arg>
<doc>Verifies that element ``locator`` is found on the current page.</doc>
<status status="PASS" start="2025-03-26T10:49:18.596157" elapsed="0.001784"/>
</kw>
<kw name="Close All Browsers" owner="SeleniumLibrary" type="TEARDOWN">
<doc>Closes all open browsers and resets the browser cache.</doc>
<status status="PASS" start="2025-03-26T10:49:18.598178" elapsed="0.501517"/>
</kw>
<doc>Test the login functionality of Swag Labs</doc>
<status status="PASS" start="2025-03-26T10:49:18.318488" elapsed="0.781293"/>
</test>
<kw name="Close Browser" owner="SeleniumLibrary" type="TEARDOWN">
<doc>Closes the current browser.</doc>
<status status="PASS" start="2025-03-26T10:49:19.100076" elapsed="0.000073"/>
</kw>
<status status="PASS" start="2025-03-26T10:49:16.557023" elapsed="2.543148"/>
</suite>
<statistics>
<total>
<stat pass="1" fail="0" skip="0">All Tests</stat>
</total>
<tag>
</tag>
<suite>
<stat name="Test Swag Lab" id="s1" pass="1" fail="0" skip="0">Test Swag Lab</stat>
</suite>
</statistics>
<errors>
</errors>
</robot>
